Starting backfill for year 2026...
Found 26 active monthly clients.

Generating new schedule from NOW for Ted. No future appointments found.
   -> First computed start date: 2026-03-05T15:00:00.000Z
   -> Generated: 2026-03-12T15:00:00.000Z
   -> Generated: 2026-03-19T15:00:00.000Z
   -> Generated: 2026-03-26T15:00:00.000Z
   -> Generated: 2026-04-02T15:00:00.000Z
   -> Generated: 2026-04-09T15:00:00.000Z
   -> Generated: 2026-04-16T15:00:00.000Z
   -> Generated: 2026-04-23T15:00:00.000Z
   -> Generated: 2026-04-30T15:00:00.000Z
   -> Generated: 2026-05-07T15:00:00.000Z
   -> Generated: 2026-05-14T15:00:00.000Z
   -> Generated: 2026-05-21T15:00:00.000Z
   -> Generated: 2026-05-28T15:00:00.000Z
   -> Generated: 2026-06-04T15:00:00.000Z
   -> Generated: 2026-06-11T15:00:00.000Z
   -> Generated: 2026-06-18T15:00:00.000Z
   -> Generated: 2026-06-25T15:00:00.000Z
   -> Generated: 2026-07-02T15:00:00.000Z
   -> Generated: 2026-07-09T15:00:00.000Z
   -> Generated: 2026-07-16T15:00:00.000Z
   -> Generated: 2026-07-23T15:00:00.000Z
   -> Generated: 2026-07-30T15:00:00.000Z
   -> Generated: 2026-08-06T15:00:00.000Z
   -> Generated: 2026-08-13T15:00:00.000Z
   -> Generated: 2026-08-20T15:00:00.000Z
   -> Generated: 2026-08-27T15:00:00.000Z
   -> Generated: 2026-09-03T15:00:00.000Z
   -> Generated: 2026-09-10T15:00:00.000Z
   -> Generated: 2026-09-17T15:00:00.000Z
   -> Generated: 2026-09-24T15:00:00.000Z
   -> Generated: 2026-10-01T15:00:00.000Z
   -> Generated: 2026-10-08T15:00:00.000Z
   -> Generated: 2026-10-15T15:00:00.000Z
   -> Generated: 2026-10-22T15:00:00.000Z
   -> Generated: 2026-10-29T15:00:00.000Z
   -> Generated: 2026-11-05T15:00:00.000Z
   -> Generated: 2026-11-12T15:00:00.000Z
   -> Generated: 2026-11-19T15:00:00.000Z
   -> Generated: 2026-11-26T15:00:00.000Z
   -> Generated: 2026-12-03T15:00:00.000Z
   -> Generated: 2026-12-10T15:00:00.000Z
   -> Generated: 2026-12-17T15:00:00.000Z
   -> Generated: 2026-12-24T15:00:00.000Z
   -> Generated: 2026-12-31T15:00:00.000Z
Stopping generation. Next date 2027-01-07T15:00:00.000Z is beyond 2026.
-> Created 44 appointments for Ted.

Generating new schedule from NOW for Blue. No future appointments found.
   -> First computed start date: 2026-03-06T20:00:00.000Z
   -> Generated: 2026-03-13T20:00:00.000Z
   -> Generated: 2026-03-20T20:00:00.000Z
   -> Generated: 2026-03-27T20:00:00.000Z
   -> Generated: 2026-04-03T20:00:00.000Z
   -> Generated: 2026-04-10T20:00:00.000Z
   -> Generated: 2026-04-17T20:00:00.000Z
   -> Generated: 2026-04-24T20:00:00.000Z
   -> Generated: 2026-05-01T20:00:00.000Z
   -> Generated: 2026-05-08T20:00:00.000Z
   -> Generated: 2026-05-15T20:00:00.000Z
   -> Generated: 2026-05-22T20:00:00.000Z
   -> Generated: 2026-05-29T20:00:00.000Z
   -> Generated: 2026-06-05T20:00:00.000Z
   -> Generated: 2026-06-12T20:00:00.000Z
   -> Generated: 2026-06-19T20:00:00.000Z
   -> Generated: 2026-06-26T20:00:00.000Z
   -> Generated: 2026-07-03T20:00:00.000Z
   -> Generated: 2026-07-10T20:00:00.000Z
   -> Generated: 2026-07-17T20:00:00.000Z
   -> Generated: 2026-07-24T20:00:00.000Z
   -> Generated: 2026-07-31T20:00:00.000Z
   -> Generated: 2026-08-07T20:00:00.000Z
   -> Generated: 2026-08-14T20:00:00.000Z
   -> Generated: 2026-08-21T20:00:00.000Z
   -> Generated: 2026-08-28T20:00:00.000Z
   -> Generated: 2026-09-04T20:00:00.000Z
   -> Generated: 2026-09-11T20:00:00.000Z
   -> Generated: 2026-09-18T20:00:00.000Z
   -> Generated: 2026-09-25T20:00:00.000Z
   -> Generated: 2026-10-02T20:00:00.000Z
   -> Generated: 2026-10-09T20:00:00.000Z
   -> Generated: 2026-10-16T20:00:00.000Z
   -> Generated: 2026-10-23T20:00:00.000Z
   -> Generated: 2026-10-30T20:00:00.000Z
   -> Generated: 2026-11-06T20:00:00.000Z
   -> Generated: 2026-11-13T20:00:00.000Z
   -> Generated: 2026-11-20T20:00:00.000Z
   -> Generated: 2026-11-27T20:00:00.000Z
   -> Generated: 2026-12-04T20:00:00.000Z
   -> Generated: 2026-12-11T20:00:00.000Z
   -> Generated: 2026-12-18T20:00:00.000Z
   -> Generated: 2026-12-25T20:00:00.000Z
Stopping generation. Next date 2027-01-01T20:00:00.000Z is beyond 2026.
-> Created 43 appointments for Blue.

Generating new schedule from NOW for princesa. No future appointments found.
   -> First computed start date: 2026-03-10T14:00:00.000Z
   -> Generated: 2026-03-24T14:00:00.000Z
   -> Generated: 2026-04-07T14:00:00.000Z
   -> Generated: 2026-04-21T14:00:00.000Z
   -> Generated: 2026-05-05T14:00:00.000Z
   -> Generated: 2026-05-19T14:00:00.000Z
   -> Generated: 2026-06-02T14:00:00.000Z
   -> Generated: 2026-06-16T14:00:00.000Z
   -> Generated: 2026-06-30T14:00:00.000Z
   -> Generated: 2026-07-14T14:00:00.000Z
   -> Generated: 2026-07-28T14:00:00.000Z
   -> Generated: 2026-08-11T14:00:00.000Z
   -> Generated: 2026-08-25T14:00:00.000Z
   -> Generated: 2026-09-08T14:00:00.000Z
   -> Generated: 2026-09-22T14:00:00.000Z
   -> Generated: 2026-10-06T14:00:00.000Z
   -> Generated: 2026-10-20T14:00:00.000Z
   -> Generated: 2026-11-03T14:00:00.000Z
   -> Generated: 2026-11-17T14:00:00.000Z
   -> Generated: 2026-12-01T14:00:00.000Z
   -> Generated: 2026-12-15T14:00:00.000Z
   -> Generated: 2026-12-29T14:00:00.000Z
Stopping generation. Next date 2027-01-12T14:00:00.000Z is beyond 2026.
-> Created 22 appointments for princesa.

Generating new schedule from NOW for Theo. No future appointments found.
   -> First computed start date: 2026-03-06T13:00:00.000Z
   -> Generated: 2026-03-13T13:00:00.000Z
   -> Generated: 2026-03-20T13:00:00.000Z
   -> Generated: 2026-03-27T13:00:00.000Z
   -> Generated: 2026-04-03T13:00:00.000Z
   -> Generated: 2026-04-10T13:00:00.000Z
   -> Generated: 2026-04-17T13:00:00.000Z
   -> Generated: 2026-04-24T13:00:00.000Z
   -> Generated: 2026-05-01T13:00:00.000Z
   -> Generated: 2026-05-08T13:00:00.000Z
   -> Generated: 2026-05-15T13:00:00.000Z
   -> Generated: 2026-05-22T13:00:00.000Z
   -> Generated: 2026-05-29T13:00:00.000Z
   -> Generated: 2026-06-05T13:00:00.000Z
   -> Generated: 2026-06-12T13:00:00.000Z
   -> Generated: 2026-06-19T13:00:00.000Z
   -> Generated: 2026-06-26T13:00:00.000Z
   -> Generated: 2026-07-03T13:00:00.000Z
   -> Generated: 2026-07-10T13:00:00.000Z
   -> Generated: 2026-07-17T13:00:00.000Z
   -> Generated: 2026-07-24T13:00:00.000Z
   -> Generated: 2026-07-31T13:00:00.000Z
   -> Generated: 2026-08-07T13:00:00.000Z
   -> Generated: 2026-08-14T13:00:00.000Z
   -> Generated: 2026-08-21T13:00:00.000Z
   -> Generated: 2026-08-28T13:00:00.000Z
   -> Generated: 2026-09-04T13:00:00.000Z
   -> Generated: 2026-09-11T13:00:00.000Z
   -> Generated: 2026-09-18T13:00:00.000Z
   -> Generated: 2026-09-25T13:00:00.000Z
   -> Generated: 2026-10-02T13:00:00.000Z
   -> Generated: 2026-10-09T13:00:00.000Z
   -> Generated: 2026-10-16T13:00:00.000Z
   -> Generated: 2026-10-23T13:00:00.000Z
   -> Generated: 2026-10-30T13:00:00.000Z
   -> Generated: 2026-11-06T13:00:00.000Z
   -> Generated: 2026-11-13T13:00:00.000Z
   -> Generated: 2026-11-20T13:00:00.000Z
   -> Generated: 2026-11-27T13:00:00.000Z
   -> Generated: 2026-12-04T13:00:00.000Z
   -> Generated: 2026-12-11T13:00:00.000Z
   -> Generated: 2026-12-18T13:00:00.000Z
   -> Generated: 2026-12-25T13:00:00.000Z
Stopping generation. Next date 2027-01-01T13:00:00.000Z is beyond 2026.
-> Created 43 appointments for Theo.

Processing Bijou (bi-weekly). Last scheduled: 2026-12-24T18:00:00.000Z
Stopping generation. Next date 2027-01-07T18:00:00.000Z is beyond 2026.
-> No new appointments needed.

Generating new schedule from NOW for Isis. No future appointments found.
   -> First computed start date: 2026-03-06T15:00:00.000Z
   -> Generated: 2026-03-20T15:00:00.000Z
   -> Generated: 2026-04-03T15:00:00.000Z
   -> Generated: 2026-04-17T15:00:00.000Z
   -> Generated: 2026-05-01T15:00:00.000Z
   -> Generated: 2026-05-15T15:00:00.000Z
   -> Generated: 2026-05-29T15:00:00.000Z
   -> Generated: 2026-06-12T15:00:00.000Z
   -> Generated: 2026-06-26T15:00:00.000Z
   -> Generated: 2026-07-10T15:00:00.000Z
   -> Generated: 2026-07-24T15:00:00.000Z
   -> Generated: 2026-08-07T15:00:00.000Z
   -> Generated: 2026-08-21T15:00:00.000Z
   -> Generated: 2026-09-04T15:00:00.000Z
   -> Generated: 2026-09-18T15:00:00.000Z
   -> Generated: 2026-10-02T15:00:00.000Z
   -> Generated: 2026-10-16T15:00:00.000Z
   -> Generated: 2026-10-30T15:00:00.000Z
   -> Generated: 2026-11-13T15:00:00.000Z
   -> Generated: 2026-11-27T15:00:00.000Z
   -> Generated: 2026-12-11T15:00:00.000Z
   -> Generated: 2026-12-25T15:00:00.000Z
Stopping generation. Next date 2027-01-08T15:00:00.000Z is beyond 2026.
-> Created 22 appointments for Isis.

Processing Catarina  (bi-weekly). Last scheduled: 2026-12-29T14:00:00.000Z
Stopping generation. Next date 2027-01-12T14:00:00.000Z is beyond 2026.
-> No new appointments needed.

Generating new schedule from NOW for Kira. No future appointments found.
   -> First computed start date: 2026-03-06T20:00:00.000Z
   -> Generated: 2026-03-13T20:00:00.000Z
   -> Generated: 2026-03-20T20:00:00.000Z
   -> Generated: 2026-03-27T20:00:00.000Z
   -> Generated: 2026-04-03T20:00:00.000Z
   -> Generated: 2026-04-10T20:00:00.000Z
   -> Generated: 2026-04-17T20:00:00.000Z
   -> Generated: 2026-04-24T20:00:00.000Z
   -> Generated: 2026-05-01T20:00:00.000Z
   -> Generated: 2026-05-08T20:00:00.000Z
   -> Generated: 2026-05-15T20:00:00.000Z
   -> Generated: 2026-05-22T20:00:00.000Z
   -> Generated: 2026-05-29T20:00:00.000Z
   -> Generated: 2026-06-05T20:00:00.000Z
   -> Generated: 2026-06-12T20:00:00.000Z
   -> Generated: 2026-06-19T20:00:00.000Z
   -> Generated: 2026-06-26T20:00:00.000Z
   -> Generated: 2026-07-03T20:00:00.000Z
   -> Generated: 2026-07-10T20:00:00.000Z
   -> Generated: 2026-07-17T20:00:00.000Z
   -> Generated: 2026-07-24T20:00:00.000Z
   -> Generated: 2026-07-31T20:00:00.000Z
   -> Generated: 2026-08-07T20:00:00.000Z
   -> Generated: 2026-08-14T20:00:00.000Z
   -> Generated: 2026-08-21T20:00:00.000Z
   -> Generated: 2026-08-28T20:00:00.000Z
   -> Generated: 2026-09-04T20:00:00.000Z
   -> Generated: 2026-09-11T20:00:00.000Z
   -> Generated: 2026-09-18T20:00:00.000Z
   -> Generated: 2026-09-25T20:00:00.000Z
   -> Generated: 2026-10-02T20:00:00.000Z
   -> Generated: 2026-10-09T20:00:00.000Z
   -> Generated: 2026-10-16T20:00:00.000Z
   -> Generated: 2026-10-23T20:00:00.000Z
   -> Generated: 2026-10-30T20:00:00.000Z
   -> Generated: 2026-11-06T20:00:00.000Z
   -> Generated: 2026-11-13T20:00:00.000Z
   -> Generated: 2026-11-20T20:00:00.000Z
   -> Generated: 2026-11-27T20:00:00.000Z
   -> Generated: 2026-12-04T20:00:00.000Z
   -> Generated: 2026-12-11T20:00:00.000Z
   -> Generated: 2026-12-18T20:00:00.000Z
   -> Generated: 2026-12-25T20:00:00.000Z
Stopping generation. Next date 2027-01-01T20:00:00.000Z is beyond 2026.
-> Created 43 appointments for Kira.

Processing Bibi (bi-weekly). Last scheduled: 2026-12-24T19:00:00.000Z
Stopping generation. Next date 2027-01-07T19:00:00.000Z is beyond 2026.
-> No new appointments needed.

Processing Frederico (weekly). Last scheduled: 2026-12-25T19:00:00.000Z
Stopping generation. Next date 2027-01-01T19:00:00.000Z is beyond 2026.
-> No new appointments needed.

Generating new schedule from NOW for Pandora . No future appointments found.
   -> First computed start date: 2026-03-04T17:00:00.000Z
   -> Generated: 2026-03-11T17:00:00.000Z
   -> Generated: 2026-03-18T17:00:00.000Z
   -> Generated: 2026-03-25T17:00:00.000Z
   -> Generated: 2026-04-01T17:00:00.000Z
   -> Generated: 2026-04-08T17:00:00.000Z
   -> Generated: 2026-04-15T17:00:00.000Z
   -> Generated: 2026-04-22T17:00:00.000Z
   -> Generated: 2026-04-29T17:00:00.000Z
   -> Generated: 2026-05-06T17:00:00.000Z
   -> Generated: 2026-05-13T17:00:00.000Z
   -> Generated: 2026-05-20T17:00:00.000Z
   -> Generated: 2026-05-27T17:00:00.000Z
   -> Generated: 2026-06-03T17:00:00.000Z
   -> Generated: 2026-06-10T17:00:00.000Z
   -> Generated: 2026-06-17T17:00:00.000Z
   -> Generated: 2026-06-24T17:00:00.000Z
   -> Generated: 2026-07-01T17:00:00.000Z
   -> Generated: 2026-07-08T17:00:00.000Z
   -> Generated: 2026-07-15T17:00:00.000Z
   -> Generated: 2026-07-22T17:00:00.000Z
   -> Generated: 2026-07-29T17:00:00.000Z
   -> Generated: 2026-08-05T17:00:00.000Z
   -> Generated: 2026-08-12T17:00:00.000Z
   -> Generated: 2026-08-19T17:00:00.000Z
   -> Generated: 2026-08-26T17:00:00.000Z
   -> Generated: 2026-09-02T17:00:00.000Z
   -> Generated: 2026-09-09T17:00:00.000Z
   -> Generated: 2026-09-16T17:00:00.000Z
   -> Generated: 2026-09-23T17:00:00.000Z
   -> Generated: 2026-09-30T17:00:00.000Z
   -> Generated: 2026-10-07T17:00:00.000Z
   -> Generated: 2026-10-14T17:00:00.000Z
   -> Generated: 2026-10-21T17:00:00.000Z
   -> Generated: 2026-10-28T17:00:00.000Z
   -> Generated: 2026-11-04T17:00:00.000Z
   -> Generated: 2026-11-11T17:00:00.000Z
   -> Generated: 2026-11-18T17:00:00.000Z
   -> Generated: 2026-11-25T17:00:00.000Z
   -> Generated: 2026-12-02T17:00:00.000Z
   -> Generated: 2026-12-09T17:00:00.000Z
   -> Generated: 2026-12-16T17:00:00.000Z
   -> Generated: 2026-12-23T17:00:00.000Z
   -> Generated: 2026-12-30T17:00:00.000Z
Stopping generation. Next date 2027-01-06T17:00:00.000Z is beyond 2026.
-> Created 44 appointments for Pandora .

Generating new schedule from NOW for Luninha. No future appointments found.
   -> First computed start date: 2026-03-04T18:00:00.000Z
   -> Generated: 2026-03-18T18:00:00.000Z
   -> Generated: 2026-04-01T18:00:00.000Z
   -> Generated: 2026-04-15T18:00:00.000Z
   -> Generated: 2026-04-29T18:00:00.000Z
   -> Generated: 2026-05-13T18:00:00.000Z
   -> Generated: 2026-05-27T18:00:00.000Z
   -> Generated: 2026-06-10T18:00:00.000Z
   -> Generated: 2026-06-24T18:00:00.000Z
   -> Generated: 2026-07-08T18:00:00.000Z
   -> Generated: 2026-07-22T18:00:00.000Z
   -> Generated: 2026-08-05T18:00:00.000Z
   -> Generated: 2026-08-19T18:00:00.000Z
   -> Generated: 2026-09-02T18:00:00.000Z
   -> Generated: 2026-09-16T18:00:00.000Z
   -> Generated: 2026-09-30T18:00:00.000Z
   -> Generated: 2026-10-14T18:00:00.000Z
   -> Generated: 2026-10-28T18:00:00.000Z
   -> Generated: 2026-11-11T18:00:00.000Z
   -> Generated: 2026-11-25T18:00:00.000Z
   -> Generated: 2026-12-09T18:00:00.000Z
   -> Generated: 2026-12-23T18:00:00.000Z
Stopping generation. Next date 2027-01-06T18:00:00.000Z is beyond 2026.
-> Created 22 appointments for Luninha.

Generating new schedule from NOW for Milly . No future appointments found.
   -> First computed start date: 2026-03-10T12:00:00.000Z
   -> Generated: 2026-03-17T12:00:00.000Z
   -> Generated: 2026-03-24T12:00:00.000Z
   -> Generated: 2026-03-31T12:00:00.000Z
   -> Generated: 2026-04-07T12:00:00.000Z
   -> Generated: 2026-04-14T12:00:00.000Z
   -> Generated: 2026-04-21T12:00:00.000Z
   -> Generated: 2026-04-28T12:00:00.000Z
   -> Generated: 2026-05-05T12:00:00.000Z
   -> Generated: 2026-05-12T12:00:00.000Z
   -> Generated: 2026-05-19T12:00:00.000Z
   -> Generated: 2026-05-26T12:00:00.000Z
   -> Generated: 2026-06-02T12:00:00.000Z
   -> Generated: 2026-06-09T12:00:00.000Z
   -> Generated: 2026-06-16T12:00:00.000Z
   -> Generated: 2026-06-23T12:00:00.000Z
   -> Generated: 2026-06-30T12:00:00.000Z
   -> Generated: 2026-07-07T12:00:00.000Z
   -> Generated: 2026-07-14T12:00:00.000Z
   -> Generated: 2026-07-21T12:00:00.000Z
   -> Generated: 2026-07-28T12:00:00.000Z
   -> Generated: 2026-08-04T12:00:00.000Z
   -> Generated: 2026-08-11T12:00:00.000Z
   -> Generated: 2026-08-18T12:00:00.000Z
   -> Generated: 2026-08-25T12:00:00.000Z
   -> Generated: 2026-09-01T12:00:00.000Z
   -> Generated: 2026-09-08T12:00:00.000Z
   -> Generated: 2026-09-15T12:00:00.000Z
   -> Generated: 2026-09-22T12:00:00.000Z
   -> Generated: 2026-09-29T12:00:00.000Z
   -> Generated: 2026-10-06T12:00:00.000Z
   -> Generated: 2026-10-13T12:00:00.000Z
   -> Generated: 2026-10-20T12:00:00.000Z
   -> Generated: 2026-10-27T12:00:00.000Z
   -> Generated: 2026-11-03T12:00:00.000Z
   -> Generated: 2026-11-10T12:00:00.000Z
   -> Generated: 2026-11-17T12:00:00.000Z
   -> Generated: 2026-11-24T12:00:00.000Z
   -> Generated: 2026-12-01T12:00:00.000Z
   -> Generated: 2026-12-08T12:00:00.000Z
   -> Generated: 2026-12-15T12:00:00.000Z
   -> Generated: 2026-12-22T12:00:00.000Z
   -> Generated: 2026-12-29T12:00:00.000Z
Stopping generation. Next date 2027-01-05T12:00:00.000Z is beyond 2026.
-> Created 43 appointments for Milly .

Processing Leia (bi-weekly). Last scheduled: 2026-12-30T12:00:00.000Z
Stopping generation. Next date 2027-01-13T12:00:00.000Z is beyond 2026.
-> No new appointments needed.

Generating new schedule from NOW for Cacau. No future appointments found.
   -> First computed start date: 2026-03-05T13:00:00.000Z
   -> Generated: 2026-03-19T13:00:00.000Z
   -> Generated: 2026-04-02T13:00:00.000Z
   -> Generated: 2026-04-16T13:00:00.000Z
   -> Generated: 2026-04-30T13:00:00.000Z
   -> Generated: 2026-05-14T13:00:00.000Z
   -> Generated: 2026-05-28T13:00:00.000Z
   -> Generated: 2026-06-11T13:00:00.000Z
   -> Generated: 2026-06-25T13:00:00.000Z
   -> Generated: 2026-07-09T13:00:00.000Z
   -> Generated: 2026-07-23T13:00:00.000Z
   -> Generated: 2026-08-06T13:00:00.000Z
   -> Generated: 2026-08-20T13:00:00.000Z
   -> Generated: 2026-09-03T13:00:00.000Z
   -> Generated: 2026-09-17T13:00:00.000Z
   -> Generated: 2026-10-01T13:00:00.000Z
   -> Generated: 2026-10-15T13:00:00.000Z
   -> Generated: 2026-10-29T13:00:00.000Z
   -> Generated: 2026-11-12T13:00:00.000Z
   -> Generated: 2026-11-26T13:00:00.000Z
   -> Generated: 2026-12-10T13:00:00.000Z
   -> Generated: 2026-12-24T13:00:00.000Z
Stopping generation. Next date 2027-01-07T13:00:00.000Z is beyond 2026.
-> Created 22 appointments for Cacau.

Generating new schedule from NOW for Fred. No future appointments found.
   -> First computed start date: 2026-03-06T14:00:00.000Z
   -> Generated: 2026-03-20T14:00:00.000Z
   -> Generated: 2026-04-03T14:00:00.000Z
   -> Generated: 2026-04-17T14:00:00.000Z
   -> Generated: 2026-05-01T14:00:00.000Z
   -> Generated: 2026-05-15T14:00:00.000Z
   -> Generated: 2026-05-29T14:00:00.000Z
   -> Generated: 2026-06-12T14:00:00.000Z
   -> Generated: 2026-06-26T14:00:00.000Z
   -> Generated: 2026-07-10T14:00:00.000Z
   -> Generated: 2026-07-24T14:00:00.000Z
   -> Generated: 2026-08-07T14:00:00.000Z
   -> Generated: 2026-08-21T14:00:00.000Z
   -> Generated: 2026-09-04T14:00:00.000Z
   -> Generated: 2026-09-18T14:00:00.000Z
   -> Generated: 2026-10-02T14:00:00.000Z
   -> Generated: 2026-10-16T14:00:00.000Z
   -> Generated: 2026-10-30T14:00:00.000Z
   -> Generated: 2026-11-13T14:00:00.000Z
   -> Generated: 2026-11-27T14:00:00.000Z
   -> Generated: 2026-12-11T14:00:00.000Z
   -> Generated: 2026-12-25T14:00:00.000Z
Stopping generation. Next date 2027-01-08T14:00:00.000Z is beyond 2026.
-> Created 22 appointments for Fred.

Generating new schedule from NOW for Joaquim. No future appointments found.
   -> First computed start date: 2026-03-06T19:00:00.000Z
   -> Generated: 2026-03-13T19:00:00.000Z
   -> Generated: 2026-03-20T19:00:00.000Z
   -> Generated: 2026-03-27T19:00:00.000Z
   -> Generated: 2026-04-03T19:00:00.000Z
   -> Generated: 2026-04-10T19:00:00.000Z
   -> Generated: 2026-04-17T19:00:00.000Z
   -> Generated: 2026-04-24T19:00:00.000Z
   -> Generated: 2026-05-01T19:00:00.000Z
   -> Generated: 2026-05-08T19:00:00.000Z
   -> Generated: 2026-05-15T19:00:00.000Z
   -> Generated: 2026-05-22T19:00:00.000Z
   -> Generated: 2026-05-29T19:00:00.000Z
   -> Generated: 2026-06-05T19:00:00.000Z
   -> Generated: 2026-06-12T19:00:00.000Z
   -> Generated: 2026-06-19T19:00:00.000Z
   -> Generated: 2026-06-26T19:00:00.000Z
   -> Generated: 2026-07-03T19:00:00.000Z
   -> Generated: 2026-07-10T19:00:00.000Z
   -> Generated: 2026-07-17T19:00:00.000Z
   -> Generated: 2026-07-24T19:00:00.000Z
   -> Generated: 2026-07-31T19:00:00.000Z
   -> Generated: 2026-08-07T19:00:00.000Z
   -> Generated: 2026-08-14T19:00:00.000Z
   -> Generated: 2026-08-21T19:00:00.000Z
   -> Generated: 2026-08-28T19:00:00.000Z
   -> Generated: 2026-09-04T19:00:00.000Z
   -> Generated: 2026-09-11T19:00:00.000Z
   -> Generated: 2026-09-18T19:00:00.000Z
   -> Generated: 2026-09-25T19:00:00.000Z
   -> Generated: 2026-10-02T19:00:00.000Z
   -> Generated: 2026-10-09T19:00:00.000Z
   -> Generated: 2026-10-16T19:00:00.000Z
   -> Generated: 2026-10-23T19:00:00.000Z
   -> Generated: 2026-10-30T19:00:00.000Z
   -> Generated: 2026-11-06T19:00:00.000Z
   -> Generated: 2026-11-13T19:00:00.000Z
   -> Generated: 2026-11-20T19:00:00.000Z
   -> Generated: 2026-11-27T19:00:00.000Z
   -> Generated: 2026-12-04T19:00:00.000Z
   -> Generated: 2026-12-11T19:00:00.000Z
   -> Generated: 2026-12-18T19:00:00.000Z
   -> Generated: 2026-12-25T19:00:00.000Z
Stopping generation. Next date 2027-01-01T19:00:00.000Z is beyond 2026.
-> Created 43 appointments for Joaquim.

Processing Rocky (bi-weekly). Last scheduled: 2026-12-25T12:00:00.000Z
Stopping generation. Next date 2027-01-08T12:00:00.000Z is beyond 2026.
-> No new appointments needed.

Processing Maia (bi-weekly). Last scheduled: 2026-12-25T13:00:00.000Z
Stopping generation. Next date 2027-01-08T13:00:00.000Z is beyond 2026.
-> No new appointments needed.

Generating new schedule from NOW for Lorena . No future appointments found.
   -> First computed start date: 2026-03-04T13:00:00.000Z
   -> Generated: 2026-03-18T13:00:00.000Z
   -> Generated: 2026-04-01T13:00:00.000Z
   -> Generated: 2026-04-15T13:00:00.000Z
   -> Generated: 2026-04-29T13:00:00.000Z
   -> Generated: 2026-05-13T13:00:00.000Z
   -> Generated: 2026-05-27T13:00:00.000Z
   -> Generated: 2026-06-10T13:00:00.000Z
   -> Generated: 2026-06-24T13:00:00.000Z
   -> Generated: 2026-07-08T13:00:00.000Z
   -> Generated: 2026-07-22T13:00:00.000Z
   -> Generated: 2026-08-05T13:00:00.000Z
   -> Generated: 2026-08-19T13:00:00.000Z
   -> Generated: 2026-09-02T13:00:00.000Z
   -> Generated: 2026-09-16T13:00:00.000Z
   -> Generated: 2026-09-30T13:00:00.000Z
   -> Generated: 2026-10-14T13:00:00.000Z
   -> Generated: 2026-10-28T13:00:00.000Z
   -> Generated: 2026-11-11T13:00:00.000Z
   -> Generated: 2026-11-25T13:00:00.000Z
   -> Generated: 2026-12-09T13:00:00.000Z
   -> Generated: 2026-12-23T13:00:00.000Z
Stopping generation. Next date 2027-01-06T13:00:00.000Z is beyond 2026.
-> Created 22 appointments for Lorena .

Generating new schedule from NOW for Pipoca. No future appointments found.
   -> First computed start date: 2026-03-06T12:00:00.000Z
   -> Generated: 2026-03-20T12:00:00.000Z
   -> Generated: 2026-04-03T12:00:00.000Z
   -> Generated: 2026-04-17T12:00:00.000Z
   -> Generated: 2026-05-01T12:00:00.000Z
   -> Generated: 2026-05-15T12:00:00.000Z
   -> Generated: 2026-05-29T12:00:00.000Z
   -> Generated: 2026-06-12T12:00:00.000Z
   -> Generated: 2026-06-26T12:00:00.000Z
   -> Generated: 2026-07-10T12:00:00.000Z
   -> Generated: 2026-07-24T12:00:00.000Z
   -> Generated: 2026-08-07T12:00:00.000Z
   -> Generated: 2026-08-21T12:00:00.000Z
   -> Generated: 2026-09-04T12:00:00.000Z
   -> Generated: 2026-09-18T12:00:00.000Z
   -> Generated: 2026-10-02T12:00:00.000Z
   -> Generated: 2026-10-16T12:00:00.000Z
   -> Generated: 2026-10-30T12:00:00.000Z
   -> Generated: 2026-11-13T12:00:00.000Z
   -> Generated: 2026-11-27T12:00:00.000Z
   -> Generated: 2026-12-11T12:00:00.000Z
   -> Generated: 2026-12-25T12:00:00.000Z
Stopping generation. Next date 2027-01-08T12:00:00.000Z is beyond 2026.
-> Created 22 appointments for Pipoca.

Generating new schedule from NOW for Tiny. No future appointments found.
   -> First computed start date: 2026-03-06T12:00:00.000Z
   -> Generated: 2026-03-20T12:00:00.000Z
   -> Generated: 2026-04-03T12:00:00.000Z
   -> Generated: 2026-04-17T12:00:00.000Z
   -> Generated: 2026-05-01T12:00:00.000Z
   -> Generated: 2026-05-15T12:00:00.000Z
   -> Generated: 2026-05-29T12:00:00.000Z
   -> Generated: 2026-06-12T12:00:00.000Z
   -> Generated: 2026-06-26T12:00:00.000Z
   -> Generated: 2026-07-10T12:00:00.000Z
   -> Generated: 2026-07-24T12:00:00.000Z
   -> Generated: 2026-08-07T12:00:00.000Z
   -> Generated: 2026-08-21T12:00:00.000Z
   -> Generated: 2026-09-04T12:00:00.000Z
   -> Generated: 2026-09-18T12:00:00.000Z
   -> Generated: 2026-10-02T12:00:00.000Z
   -> Generated: 2026-10-16T12:00:00.000Z
   -> Generated: 2026-10-30T12:00:00.000Z
   -> Generated: 2026-11-13T12:00:00.000Z
   -> Generated: 2026-11-27T12:00:00.000Z
   -> Generated: 2026-12-11T12:00:00.000Z
   -> Generated: 2026-12-25T12:00:00.000Z
Stopping generation. Next date 2027-01-08T12:00:00.000Z is beyond 2026.
-> Created 22 appointments for Tiny.

Generating new schedule from NOW for Pandorinha. No future appointments found.
   -> First computed start date: 2026-03-06T17:00:00.000Z
   -> Generated: 2026-03-13T17:00:00.000Z
   -> Generated: 2026-03-20T17:00:00.000Z
   -> Generated: 2026-03-27T17:00:00.000Z
   -> Generated: 2026-04-03T17:00:00.000Z
   -> Generated: 2026-04-10T17:00:00.000Z
   -> Generated: 2026-04-17T17:00:00.000Z
   -> Generated: 2026-04-24T17:00:00.000Z
   -> Generated: 2026-05-01T17:00:00.000Z
   -> Generated: 2026-05-08T17:00:00.000Z
   -> Generated: 2026-05-15T17:00:00.000Z
   -> Generated: 2026-05-22T17:00:00.000Z
   -> Generated: 2026-05-29T17:00:00.000Z
   -> Generated: 2026-06-05T17:00:00.000Z
   -> Generated: 2026-06-12T17:00:00.000Z
   -> Generated: 2026-06-19T17:00:00.000Z
   -> Generated: 2026-06-26T17:00:00.000Z
   -> Generated: 2026-07-03T17:00:00.000Z
   -> Generated: 2026-07-10T17:00:00.000Z
   -> Generated: 2026-07-17T17:00:00.000Z
   -> Generated: 2026-07-24T17:00:00.000Z
   -> Generated: 2026-07-31T17:00:00.000Z
   -> Generated: 2026-08-07T17:00:00.000Z
   -> Generated: 2026-08-14T17:00:00.000Z
   -> Generated: 2026-08-21T17:00:00.000Z
   -> Generated: 2026-08-28T17:00:00.000Z
   -> Generated: 2026-09-04T17:00:00.000Z
   -> Generated: 2026-09-11T17:00:00.000Z
   -> Generated: 2026-09-18T17:00:00.000Z
   -> Generated: 2026-09-25T17:00:00.000Z
   -> Generated: 2026-10-02T17:00:00.000Z
   -> Generated: 2026-10-09T17:00:00.000Z
   -> Generated: 2026-10-16T17:00:00.000Z
   -> Generated: 2026-10-23T17:00:00.000Z
   -> Generated: 2026-10-30T17:00:00.000Z
   -> Generated: 2026-11-06T17:00:00.000Z
   -> Generated: 2026-11-13T17:00:00.000Z
   -> Generated: 2026-11-20T17:00:00.000Z
   -> Generated: 2026-11-27T17:00:00.000Z
   -> Generated: 2026-12-04T17:00:00.000Z
   -> Generated: 2026-12-11T17:00:00.000Z
   -> Generated: 2026-12-18T17:00:00.000Z
   -> Generated: 2026-12-25T17:00:00.000Z
Stopping generation. Next date 2027-01-01T17:00:00.000Z is beyond 2026.
-> Created 43 appointments for Pandorinha.

Generating new schedule from NOW for Cloe . No future appointments found.
   -> First computed start date: 2026-03-05T12:00:00.000Z
   -> Generated: 2026-03-19T12:00:00.000Z
   -> Generated: 2026-04-02T12:00:00.000Z
   -> Generated: 2026-04-16T12:00:00.000Z
   -> Generated: 2026-04-30T12:00:00.000Z
   -> Generated: 2026-05-14T12:00:00.000Z
   -> Generated: 2026-05-28T12:00:00.000Z
   -> Generated: 2026-06-11T12:00:00.000Z
   -> Generated: 2026-06-25T12:00:00.000Z
   -> Generated: 2026-07-09T12:00:00.000Z
   -> Generated: 2026-07-23T12:00:00.000Z
   -> Generated: 2026-08-06T12:00:00.000Z
   -> Generated: 2026-08-20T12:00:00.000Z
   -> Generated: 2026-09-03T12:00:00.000Z
   -> Generated: 2026-09-17T12:00:00.000Z
   -> Generated: 2026-10-01T12:00:00.000Z
   -> Generated: 2026-10-15T12:00:00.000Z
   -> Generated: 2026-10-29T12:00:00.000Z
   -> Generated: 2026-11-12T12:00:00.000Z
   -> Generated: 2026-11-26T12:00:00.000Z
   -> Generated: 2026-12-10T12:00:00.000Z
   -> Generated: 2026-12-24T12:00:00.000Z
Stopping generation. Next date 2027-01-07T12:00:00.000Z is beyond 2026.
-> Created 22 appointments for Cloe .

Processing Luna  (bi-weekly). Last scheduled: 2026-12-29T13:00:00.000Z
Stopping generation. Next date 2027-01-12T13:00:00.000Z is beyond 2026.
-> No new appointments needed.

Generating new schedule from NOW for Vicky. No future appointments found.
   -> First computed start date: 2026-03-06T18:00:00.000Z
   -> Generated: 2026-03-20T18:00:00.000Z
   -> Generated: 2026-04-03T18:00:00.000Z
   -> Generated: 2026-04-17T18:00:00.000Z
   -> Generated: 2026-05-01T18:00:00.000Z
   -> Generated: 2026-05-15T18:00:00.000Z
   -> Generated: 2026-05-29T18:00:00.000Z
   -> Generated: 2026-06-12T18:00:00.000Z
   -> Generated: 2026-06-26T18:00:00.000Z
   -> Generated: 2026-07-10T18:00:00.000Z
   -> Generated: 2026-07-24T18:00:00.000Z
   -> Generated: 2026-08-07T18:00:00.000Z
   -> Generated: 2026-08-21T18:00:00.000Z
   -> Generated: 2026-09-04T18:00:00.000Z
   -> Generated: 2026-09-18T18:00:00.000Z
   -> Generated: 2026-10-02T18:00:00.000Z
   -> Generated: 2026-10-16T18:00:00.000Z
   -> Generated: 2026-10-30T18:00:00.000Z
   -> Generated: 2026-11-13T18:00:00.000Z
   -> Generated: 2026-11-27T18:00:00.000Z
   -> Generated: 2026-12-11T18:00:00.000Z
   -> Generated: 2026-12-25T18:00:00.000Z
Stopping generation. Next date 2027-01-08T18:00:00.000Z is beyond 2026.
-> Created 22 appointments for Vicky.

----------------------------------
Backfill Create Complete. Total Created: 566
